<?xml version="1.0" encoding="UTF-8"?>
<!-- Generated by org.testng.reporters.JUnitXMLReporter -->
<testsuite ignored="0" hostname="Surendhar-PC" failures="0" tests="14" name="Chrome Test" time="421.192" errors="0" timestamp="2024-02-10T13:51:18 IST">
  <testcase classname="com.testscripts.org.CreateAccountRunner" name="createAccountValidCredentials" time="45.56"/>
  <testcase classname="com.testscripts.org.CreateAccountRunner" name="reader" time="0.005"/>
  <testcase classname="com.testscripts.org.CreateAccountRunner" name="createAccountInvalidCredentials" time="22.823"/>
  <testcase classname="com.testscripts.org.CreateAccountRunner" name="createAccountEmptyCredentials" time="77.011"/>
  <testcase classname="com.testscripts.org.SignUpRunner" name="signUpValidCredentials" time="16.461"/>
  <testcase classname="com.testscripts.org.SignUpRunner" name="signUpInValidCredentials" time="17.936"/>
  <testcase classname="com.testscripts.org.SignUpRunner" name="signUpEmptyCredentials" time="16.825"/>
  <testcase classname="com.testscripts.org.MenuValidationRunner" name="topLinkVerification" time="0.941"/>
  <testcase classname="com.testscripts.org.MenuValidationRunner" name="bottomLinkVerification" time="0.863"/>
  <testcase classname="com.testscripts.org.SearchItemRunner" name="searchAddToshoppingCart" time="59.4"/>
  <testcase classname="com.testscripts.org.ShopByDepartmentRunner" name="shopByDepartment" time="54.615"/>
  <testcase classname="com.testscripts.org.ShopByBrandRunner" name="shopByBrands" time="58.249"/>
  <testcase classname="com.testscripts.org.CheckoutAndPaymentProcessRunner" name="checkoutLoginProcess" time="10.612"/>
  <testcase classname="com.testscripts.org.CheckoutAndPaymentProcessRunner" name="paymentInformation" time="30.509"/>
</testsuite> <!-- Chrome Test -->
