<?xml version="1.0" encoding="UTF-8"?>
<!-- Generated by org.testng.reporters.JUnitXMLReporter -->
<testsuite ignored="0" hostname="Surendhar-PC" failures="0" tests="4" name="Edge Test" time="70.795" errors="0" timestamp="2024-02-10T13:43:31 IST">
  <testcase classname="com.testscripts.org.CreateAccountRunner" name="createAccountValidCredentials" time="32.674"/>
  <testcase classname="com.testscripts.org.CreateAccountRunner" name="reader" time="0.014"/>
  <testcase classname="com.testscripts.org.CreateAccountRunner" name="createAccountInvalidCredentials" time="15.799"/>
  <testcase classname="com.testscripts.org.CreateAccountRunner" name="createAccountEmptyCredentials" time="13.183"/>
</testsuite> <!-- Edge Test -->
