<?xml version="1.0" encoding="UTF-8"?>
<!-- Generated by org.testng.reporters.JUnitXMLReporter -->
<testsuite ignored="6" hostname="Surendhar-PC" failures="0" tests="14" name="Test" time="369.778" errors="0" timestamp="2024-02-17T11:45:26 IST">
  <testcase classname="com.testscripts.org.CreateAccountRunner" name="createAccountValidCredentials" time="34.142"/>
  <testcase classname="com.testscripts.org.CreateAccountRunner" name="reader" time="0.002"/>
  <testcase classname="com.testscripts.org.CreateAccountRunner" name="createAccountInvalidCredentials" time="18.728"/>
  <testcase classname="com.testscripts.org.CreateAccountRunner" name="createAccountEmptyCredentials" time="18.015"/>
  <testcase classname="com.testscripts.org.SignInRunner" name="signUpValidCredentials" time="13.945"/>
  <testcase classname="com.testscripts.org.SignInRunner" name="signUpInValidCredentials" time="14.181"/>
  <testcase classname="com.testscripts.org.SignInRunner" name="signUpEmptyCredentials" time="16.076"/>
  <testcase classname="com.testscripts.org.MenuValidationRunner" name="topLinkVerification" time="0.505"/>
  <testcase classname="com.testscripts.org.MenuValidationRunner" name="bottomLinkVerification" time="0.548"/>
  <testcase classname="com.testscripts.org.SearchItemRunner" name="searchAddToshoppingCart" time="69.795"/>
  <testcase classname="com.testscripts.org.ShopByDepartmentRunner" name="shopByDepartment" time="54.233"/>
  <testcase classname="com.testscripts.org.ShopByBrandRunner" name="shopByBrands" time="66.328"/>
  <testcase classname="com.testscripts.org.CheckoutAndPaymentProcessRunner" name="checkoutLoginProcess" time="9.82"/>
  <testcase classname="com.testscripts.org.CheckoutAndPaymentProcessRunner" name="paymentInformation" time="34.668"/>
  <testcase classname="com.utils.org.BaseClass" name="@BeforeSuite extentReport" time="0.0">
    <ignored/>
  </testcase> <!-- @BeforeSuite extentReport -->
  <testcase classname="com.utils.org.BaseClass" name="@BeforeSuite extentReport" time="0.0">
    <ignored/>
  </testcase> <!-- @BeforeSuite extentReport -->
  <testcase classname="com.utils.org.BaseClass" name="@BeforeSuite extentReport" time="0.0">
    <ignored/>
  </testcase> <!-- @BeforeSuite extentReport -->
  <testcase classname="com.utils.org.BaseClass" name="@BeforeSuite extentReport" time="0.0">
    <ignored/>
  </testcase> <!-- @BeforeSuite extentReport -->
  <testcase classname="com.utils.org.BaseClass" name="@BeforeSuite extentReport" time="0.0">
    <ignored/>
  </testcase> <!-- @BeforeSuite extentReport -->
  <testcase classname="com.utils.org.BaseClass" name="@BeforeSuite extentReport" time="0.0">
    <ignored/>
  </testcase> <!-- @BeforeSuite extentReport -->
</testsuite> <!-- Test -->
