<?xml version="1.0" encoding="UTF-8"?>
<testng-results ignored="0" total="3" passed="3" failed="0" skipped="0">
  <reporter-output>
  </reporter-output>
  <suite started-at="2024-02-15T14:07:17 IST" name="Suite" finished-at="2024-02-15T14:09:11 IST" duration-ms="114384">
    <groups>
    </groups>
    <test started-at="2024-02-15T14:07:17 IST" name="Test" finished-at="2024-02-15T14:09:11 IST" duration-ms="114384">
      <class name="com.testscripts.org.SearchItemRunner">
        <test-method signature="searchAddToshoppingCart()[pri:0, instance:com.testscripts.org.SearchItemRunner@6253c26]" started-at="2024-02-15T14:08:11 IST" name="searchAddToshoppingCart" finished-at="2024-02-15T14:09:11 IST" duration-ms="60949" status="PASS">
          <reporter-output>
          </reporter-output>
        </test-method> <!-- searchAddToshoppingCart -->
      </class> <!-- com.testscripts.org.SearchItemRunner -->
      <class name="com.testscripts.org.CreateAccountRunner">
        <test-method is-config="true" signature="driverSetup(java.lang.String)[pri:0, instance:com.testscripts.org.CreateAccountRunner@36916eb0]" started-at="2024-02-15T14:07:17 IST" name="driverSetup" finished-at="2024-02-15T14:07:22 IST" duration-ms="5098" status="PASS">
          <params>
            <param index="0">
              <value>
                <![CDATA[Chrome]]>
              </value>
            </param>
          </params>
          <reporter-output>
          </reporter-output>
        </test-method> <!-- driverSetup -->
        <test-method is-config="true" signature="urlVerify()[pri:0, instance:com.testscripts.org.CreateAccountRunner@36916eb0]" started-at="2024-02-15T14:07:22 IST" name="urlVerify" finished-at="2024-02-15T14:07:31 IST" duration-ms="8386" status="PASS">
          <reporter-output>
          </reporter-output>
        </test-method> <!-- urlVerify -->
        <test-method signature="createAccountValidCredentials(java.lang.String)[pri:0, instance:com.testscripts.org.CreateAccountRunner@36916eb0]" started-at="2024-02-15T14:07:31 IST" name="createAccountValidCredentials" finished-at="2024-02-15T14:08:02 IST" duration-ms="31668" status="PASS">
          <params>
            <param index="0">
              <value>
                <![CDATA[9443352021]]>
              </value>
            </param>
          </params>
          <reporter-output>
          </reporter-output>
        </test-method> <!-- createAccountValidCredentials -->
        <test-method is-config="true" signature="urlVerify()[pri:0, instance:com.testscripts.org.CreateAccountRunner@36916eb0]" started-at="2024-02-15T14:08:02 IST" name="urlVerify" finished-at="2024-02-15T14:08:11 IST" duration-ms="8185" status="PASS">
          <reporter-output>
          </reporter-output>
        </test-method> <!-- urlVerify -->
        <test-method signature="reader()[pri:0, instance:com.testscripts.org.CreateAccountRunner@36916eb0]" started-at="2024-02-15T14:08:11 IST" name="reader" finished-at="2024-02-15T14:08:11 IST" duration-ms="2" status="PASS">
          <reporter-output>
          </reporter-output>
        </test-method> <!-- reader -->
      </class> <!-- com.testscripts.org.CreateAccountRunner -->
    </test> <!-- Test -->
  </suite> <!-- Suite -->
</testng-results>
